<?xml version="1.0" encoding="UTF-8"?>
<testng-results ignored="0" total="3" passed="1" failed="2" skipped="0">
  <reporter-output>
  </reporter-output>
  <suite started-at="2023-03-02T01:19:40 IST" name="TestSuite" finished-at="2023-03-02T01:20:19 IST" duration-ms="38462">
    <groups>
    </groups>
    <test started-at="2023-03-02T01:19:40 IST" name="Test" finished-at="2023-03-02T01:20:19 IST" duration-ms="38462">
      <class name="Com.ANZ.TESTpackage.TC02_VerifyStartOverButtonClearTheForm">
        <test-method is-config="true" signature="Setup()[pri:0, instance:Com.ANZ.TESTpackage.TC02_VerifyStartOverButtonClearTheForm@1e683a3e]" started-at="2023-03-02T01:19:40 IST" name="Setup" finished-at="2023-03-02T01:19:57 IST" duration-ms="17050" status="PASS">
          <reporter-output>
          </reporter-output>
        </test-method> <!-- Setup -->
        <test-method signature="VerifyStartOverButtonClearTheForm()[pri:0, instance:Com.ANZ.TESTpackage.TC02_VerifyStartOverButtonClearTheForm@1e683a3e]" started-at="2023-03-02T01:19:57 IST" name="VerifyStartOverButtonClearTheForm" finished-at="2023-03-02T01:20:07 IST" duration-ms="9305" status="PASS">
          <reporter-output>
          </reporter-output>
        </test-method> <!-- VerifyStartOverButtonClearTheForm -->
        <test-method is-config="true" signature="teardown()[pri:0, instance:Com.ANZ.TESTpackage.TC02_VerifyStartOverButtonClearTheForm@1e683a3e]" started-at="2023-03-02T01:20:07 IST" name="teardown" finished-at="2023-03-02T01:20:12 IST" duration-ms="4889" status="PASS">
          <reporter-output>
          </reporter-output>
        </test-method> <!-- teardown -->
      </class> <!-- Com.ANZ.TESTpackage.TC02_VerifyStartOverButtonClearTheForm -->
      <class name="Com.ANZ.TESTpackage.TC03_VerifyWorkOutHowMuchCouldBorrow">
        <test-method is-config="true" signature="Setup()[pri:0, instance:Com.ANZ.TESTpackage.TC03_VerifyWorkOutHowMuchCouldBorrow@2053d869]" started-at="2023-03-02T01:20:06 IST" name="Setup" finished-at="2023-03-02T01:20:18 IST" duration-ms="11212" status="PASS">
          <reporter-output>
          </reporter-output>
        </test-method> <!-- Setup -->
        <test-method signature="VerifyWorkOutHowMuchCouldBorrow()[pri:0, instance:Com.ANZ.TESTpackage.TC03_VerifyWorkOutHowMuchCouldBorrow@2053d869]" started-at="2023-03-02T01:20:18 IST" name="VerifyWorkOutHowMuchCouldBorrow" finished-at="2023-03-02T01:20:18 IST" duration-ms="638" status="FAIL">
          <exception class="java.lang.AssertionError">
            <message>
              <![CDATA[expected [Based on the details you've entered, we're unable to give you an estimate of your borrowing power with this calculator. For questions, call us on 1800 100 641.] but found [Based on the details you've entered, we're unable to give you an estimate of your borrowing power with this calculator. For questions, call us on 1800 035 500.]]]>
            </message>
            <full-stacktrace>
              <![CDATA[java.lang.AssertionError: expected [Based on the details you've entered, we're unable to give you an estimate of your borrowing power with this calculator. For questions, call us on 1800 100 641.] but found [Based on the details you've entered, we're unable to give you an estimate of your borrowing power with this calculator. For questions, call us on 1800 035 500.]
at org.testng.Assert.fail(Assert.java:99)
at org.testng.Assert.failNotEquals(Assert.java:1037)
at org.testng.Assert.assertEqualsImpl(Assert.java:140)
at org.testng.Assert.assertEquals(Assert.java:122)
at org.testng.Assert.assertEquals(Assert.java:629)
at org.testng.Assert.assertEquals(Assert.java:639)
at Com.ANZ.TESTpackage.TC03_VerifyWorkOutHowMuchCouldBorrow.VerifyWorkOutHowMuchCouldBorrow(TC03_VerifyWorkOutHowMuchCouldBorrow.java:27)
at java.base/jdk.internal.reflect.NativeMethodAccessorImpl.invoke0(Native Method)
at java.base/jdk.internal.reflect.NativeMethodAccessorImpl.invoke(NativeMethodAccessorImpl.java:77)
at java.base/jdk.internal.reflect.DelegatingMethodAccessorImpl.invoke(DelegatingMethodAccessorImpl.java:43)
at java.base/java.lang.reflect.Method.invoke(Method.java:568)
at org.testng.internal.MethodInvocationHelper.invokeMethod(MethodInvocationHelper.java:133)
at org.testng.internal.TestInvoker.invokeMethod(TestInvoker.java:598)
at org.testng.internal.TestInvoker.invokeTestMethod(TestInvoker.java:173)
at org.testng.internal.MethodRunner.runInSequence(MethodRunner.java:46)
at org.testng.internal.TestInvoker$MethodInvocationAgent.invoke(TestInvoker.java:824)
at org.testng.internal.TestInvoker.invokeTestMethods(TestInvoker.java:146)
at org.testng.internal.TestMethodWorker.invokeTestMethods(TestMethodWorker.java:146)
at org.testng.internal.TestMethodWorker.run(TestMethodWorker.java:128)
at java.base/java.util.concurrent.ThreadPoolExecutor.runWorker(ThreadPoolExecutor.java:1136)
at java.base/java.util.concurrent.ThreadPoolExecutor$Worker.run(ThreadPoolExecutor.java:635)
at java.base/java.lang.Thread.run(Thread.java:833)
]]>
            </full-stacktrace>
          </exception> <!-- java.lang.AssertionError -->
          <reporter-output>
          </reporter-output>
        </test-method> <!-- VerifyWorkOutHowMuchCouldBorrow -->
        <test-method is-config="true" signature="teardown()[pri:0, instance:Com.ANZ.TESTpackage.TC03_VerifyWorkOutHowMuchCouldBorrow@2053d869]" started-at="2023-03-02T01:20:18 IST" name="teardown" finished-at="2023-03-02T01:20:19 IST" duration-ms="478" status="PASS">
          <reporter-output>
          </reporter-output>
        </test-method> <!-- teardown -->
      </class> <!-- Com.ANZ.TESTpackage.TC03_VerifyWorkOutHowMuchCouldBorrow -->
      <class name="Com.ANZ.TESTpackage.TC01_VerifyBorrowingEstimateAmount">
        <test-method is-config="true" signature="Setup()[pri:0, instance:Com.ANZ.TESTpackage.TC01_VerifyBorrowingEstimateAmount@696da30b]" started-at="2023-03-02T01:19:40 IST" name="Setup" finished-at="2023-03-02T01:19:58 IST" duration-ms="17291" status="PASS">
          <reporter-output>
          </reporter-output>
        </test-method> <!-- Setup -->
        <test-method signature="VerifyBorrowingEstimateAmount()[pri:0, instance:Com.ANZ.TESTpackage.TC01_VerifyBorrowingEstimateAmount@696da30b]" started-at="2023-03-02T01:19:58 IST" name="VerifyBorrowingEstimateAmount" finished-at="2023-03-02T01:20:05 IST" duration-ms="7308" status="FAIL">
          <exception class="java.lang.AssertionError">
            <message>
              <![CDATA[expected [$479,000] but found [$428,000]]]>
            </message>
            <full-stacktrace>
              <![CDATA[java.lang.AssertionError: expected [$479,000] but found [$428,000]
at org.testng.Assert.fail(Assert.java:99)
at org.testng.Assert.failNotEquals(Assert.java:1037)
at org.testng.Assert.assertEqualsImpl(Assert.java:140)
at org.testng.Assert.assertEquals(Assert.java:122)
at org.testng.Assert.assertEquals(Assert.java:629)
at org.testng.Assert.assertEquals(Assert.java:639)
at Com.ANZ.TESTpackage.TC01_VerifyBorrowingEstimateAmount.VerifyBorrowingEstimateAmount(TC01_VerifyBorrowingEstimateAmount.java:35)
at java.base/jdk.internal.reflect.NativeMethodAccessorImpl.invoke0(Native Method)
at java.base/jdk.internal.reflect.NativeMethodAccessorImpl.invoke(NativeMethodAccessorImpl.java:77)
at java.base/jdk.internal.reflect.DelegatingMethodAccessorImpl.invoke(DelegatingMethodAccessorImpl.java:43)
at java.base/java.lang.reflect.Method.invoke(Method.java:568)
at org.testng.internal.MethodInvocationHelper.invokeMethod(MethodInvocationHelper.java:133)
at org.testng.internal.TestInvoker.invokeMethod(TestInvoker.java:598)
at org.testng.internal.TestInvoker.invokeTestMethod(TestInvoker.java:173)
at org.testng.internal.MethodRunner.runInSequence(MethodRunner.java:46)
at org.testng.internal.TestInvoker$MethodInvocationAgent.invoke(TestInvoker.java:824)
at org.testng.internal.TestInvoker.invokeTestMethods(TestInvoker.java:146)
at org.testng.internal.TestMethodWorker.invokeTestMethods(TestMethodWorker.java:146)
at org.testng.internal.TestMethodWorker.run(TestMethodWorker.java:128)
at java.base/java.util.concurrent.ThreadPoolExecutor.runWorker(ThreadPoolExecutor.java:1136)
at java.base/java.util.concurrent.ThreadPoolExecutor$Worker.run(ThreadPoolExecutor.java:635)
at java.base/java.lang.Thread.run(Thread.java:833)
]]>
            </full-stacktrace>
          </exception> <!-- java.lang.AssertionError -->
          <reporter-output>
          </reporter-output>
        </test-method> <!-- VerifyBorrowingEstimateAmount -->
        <test-method is-config="true" signature="teardown()[pri:0, instance:Com.ANZ.TESTpackage.TC01_VerifyBorrowingEstimateAmount@696da30b]" started-at="2023-03-02T01:20:05 IST" name="teardown" finished-at="2023-03-02T01:20:06 IST" duration-ms="1461" status="PASS">
          <reporter-output>
          </reporter-output>
        </test-method> <!-- teardown -->
      </class> <!-- Com.ANZ.TESTpackage.TC01_VerifyBorrowingEstimateAmount -->
    </test> <!-- Test -->
  </suite> <!-- TestSuite -->
</testng-results>
