<?xml version="1.0" encoding="UTF-8"?>
<!-- Generated by org.testng.reporters.JUnitReportReporter -->
<testsuite hostname="DESKTOP-TD77G35" failures="1" tests="1" name="Com.ANZ.TESTpackage.TC03_VerifyWorkOutHowMuchCouldBorrow" time="12.328" errors="0" timestamp="2023-03-02T01:20:19 IST" skipped="0">
  <testcase classname="Com.ANZ.TESTpackage.TC03_VerifyWorkOutHowMuchCouldBorrow" name="VerifyWorkOutHowMuchCouldBorrow" time="12.328">
    <failure message="expected [Based on the details you&#039;ve entered, we&#039;re unable to give you an estimate of your borrowing power with this calculator. For questions, call us on 1800 100 641.] but found [Based on the details you&#039;ve entered, we&#039;re unable to give you an estimate of your borrowing power with this calculator. For questions, call us on 1800 035 500.]" type="java.lang.AssertionError">
      <![CDATA[java.lang.AssertionError: expected [Based on the details you've entered, we're unable to give you an estimate of your borrowing power with this calculator. For questions, call us on 1800 100 641.] but found [Based on the details you've entered, we're unable to give you an estimate of your borrowing power with this calculator. For questions, call us on 1800 035 500.]
at org.testng.Assert.fail(Assert.java:99)
at org.testng.Assert.failNotEquals(Assert.java:1037)
at org.testng.Assert.assertEqualsImpl(Assert.java:140)
at org.testng.Assert.assertEquals(Assert.java:122)
at org.testng.Assert.assertEquals(Assert.java:629)
at org.testng.Assert.assertEquals(Assert.java:639)
at Com.ANZ.TESTpackage.TC03_VerifyWorkOutHowMuchCouldBorrow.VerifyWorkOutHowMuchCouldBorrow(TC03_VerifyWorkOutHowMuchCouldBorrow.java:27)
at java.base/jdk.internal.reflect.NativeMethodAccessorImpl.invoke0(Native Method)
at java.base/jdk.internal.reflect.NativeMethodAccessorImpl.invoke(NativeMethodAccessorImpl.java:77)
at java.base/jdk.internal.reflect.DelegatingMethodAccessorImpl.invoke(DelegatingMethodAccessorImpl.java:43)
at java.base/java.lang.reflect.Method.invoke(Method.java:568)
at org.testng.internal.MethodInvocationHelper.invokeMethod(MethodInvocationHelper.java:133)
at org.testng.internal.TestInvoker.invokeMethod(TestInvoker.java:598)
at org.testng.internal.TestInvoker.invokeTestMethod(TestInvoker.java:173)
at org.testng.internal.MethodRunner.runInSequence(MethodRunner.java:46)
at org.testng.internal.TestInvoker$MethodInvocationAgent.invoke(TestInvoker.java:824)
at org.testng.internal.TestInvoker.invokeTestMethods(TestInvoker.java:146)
at org.testng.internal.TestMethodWorker.invokeTestMethods(TestMethodWorker.java:146)
at org.testng.internal.TestMethodWorker.run(TestMethodWorker.java:128)
at java.base/java.util.concurrent.ThreadPoolExecutor.runWorker(ThreadPoolExecutor.java:1136)
at java.base/java.util.concurrent.ThreadPoolExecutor$Worker.run(ThreadPoolExecutor.java:635)
at java.base/java.lang.Thread.run(Thread.java:833)
]]>
    </failure>
  </testcase> <!-- VerifyWorkOutHowMuchCouldBorrow -->
  <system-out/>
</testsuite> <!-- Com.ANZ.TESTpackage.TC03_VerifyWorkOutHowMuchCouldBorrow -->
